<?xml version="1.0" encoding="UTF-8"?>
<!-- Generated by org.testng.reporters.JUnitReportReporter -->
<testsuite skipped="0" hostname="LAPTOP-9R1SC065" name="DemoWebShop.Display_Notebook_by12" tests="3" failures="0" timestamp="2021-02-22T10:46:53 IST" time="41.892" errors="0">
  <testcase name="notebook" time="8.215" classname="DemoWebShop.Display_Notebook_by12"/>
  <system-out/>
  <testcase name="display12" time="6.372" classname="DemoWebShop.Display_Notebook_by12"/>
  <system-out/>
  <testcase name="login" time="27.305" classname="DemoWebShop.Display_Notebook_by12"/>
  <system-out/>
</testsuite> <!-- DemoWebShop.Display_Notebook_by12 -->
