<?xml version="1.0" encoding="UTF-8"?>
<!-- Generated by org.testng.reporters.JUnitReportReporter -->
<testsuite skipped="0" hostname="LAPTOP-9R1SC065" name="DemoWebShop.Display_Notebook_DD" tests="3" failures="0" timestamp="2021-02-24T10:42:16 IST" time="18.083" errors="0">
  <testcase name="notebook" time="3.637" classname="DemoWebShop.Display_Notebook_DD"/>
  <system-out/>
  <testcase name="login" time="8.747" classname="DemoWebShop.Display_Notebook_DD"/>
  <system-out/>
  <testcase name="display12" time="5.699" classname="DemoWebShop.Display_Notebook_DD"/>
  <system-out/>
</testsuite> <!-- DemoWebShop.Display_Notebook_DD -->
